/var/spool/slurm/d/job4046723/slurm_script: line 10: activate: No such file or directory
/home/ch225256/.conda/envs/bnt/lib/python3.9/site-packages/hydra/_internal/defaults_list.py:251: UserWarning: In 'config': Defaults list is missing `_self_`. See https://hydra.cc/docs/1.2/upgrades/1.0_to_1.1/default_composition_order for more information
  warnings.warn(msg, UserWarning)
[2024-02-09 11:03:09,382][HYDRA] Launching 1 jobs locally
[2024-02-09 11:03:09,382][HYDRA] 	#0 : datasz=100p model=rbnt dataset=ABIDE repeat_time=1 preprocess=non_mixup
wandb: Currently logged in as: mhdarafat. Use `wandb login --relogin` to force relogin
wandb: wandb version 0.16.3 is available!  To upgrade, please run:
wandb:  $ pip install wandb --upgrade
wandb: Tracking run with wandb version 0.16.1
wandb: Run data is saved locally in /home/ch225256/BNT/BrainNetworkTransformer/wandb/run-20240209_110311-dgohrjx3
wandb: Run `wandb offline` to turn off syncing.
wandb: Syncing run rose-dust-88
wandb: ⭐️ View project at https://wandb.ai/mhdarafat/brainnetworktransformer
wandb: 🚀 View run at https://wandb.ai/mhdarafat/brainnetworktransformer/runs/dgohrjx3
/home/ch225256/.conda/envs/bnt/lib/python3.9/site-packages/torch/nn/_reduction.py:42: UserWarning: size_average and reduce args will be deprecated, please use reduction='sum' instead.
  warnings.warn(warning.format(ret))
[2024-02-09 11:03:23,394][optimizer.py][L65][INFO] Parameters [normal] length [51]
[2024-02-09 11:03:23,407][training.py][L31][INFO] #model params: 5168804
[2024-02-09 11:13:57,776][training.py][L169][INFO] Epoch[0/200] | Train Loss: 59.011 | Train Accuracy: 1.190 | val Loss: 275.846 | val Accuracy: 8.802 | Test Loss: 227.820 | Test Accuracy: 8.057
[2024-02-09 11:24:24,322][training.py][L169][INFO] Epoch[1/200] | Train Loss: 2.742 | Train Accuracy: 0.532 | val Loss: 267.667 | val Accuracy: 8.594 | Test Loss: 215.702 | Test Accuracy: 7.945
[2024-02-09 11:34:40,105][training.py][L169][INFO] Epoch[2/200] | Train Loss: 2.393 | Train Accuracy: 0.472 | val Loss: 285.619 | val Accuracy: 8.560 | Test Loss: 225.982 | Test Accuracy: 7.651
[2024-02-09 11:45:00,105][training.py][L169][INFO] Epoch[3/200] | Train Loss: 2.310 | Train Accuracy: 0.453 | val Loss: 288.461 | val Accuracy: 8.862 | Test Loss: 236.214 | Test Accuracy: 8.113
[2024-02-09 11:55:27,904][training.py][L169][INFO] Epoch[4/200] | Train Loss: 2.266 | Train Accuracy: 0.436 | val Loss: 319.416 | val Accuracy: 9.782 | Test Loss: 237.389 | Test Accuracy: 8.356
[2024-02-09 12:05:44,288][training.py][L169][INFO] Epoch[5/200] | Train Loss: 2.231 | Train Accuracy: 0.428 | val Loss: 307.390 | val Accuracy: 9.499 | Test Loss: 225.028 | Test Accuracy: 7.920
[2024-02-09 12:16:00,506][training.py][L169][INFO] Epoch[6/200] | Train Loss: 2.209 | Train Accuracy: 0.424 | val Loss: 316.176 | val Accuracy: 9.411 | Test Loss: 240.081 | Test Accuracy: 8.140
[2024-02-09 12:26:08,603][training.py][L169][INFO] Epoch[7/200] | Train Loss: 2.155 | Train Accuracy: 0.414 | val Loss: 303.800 | val Accuracy: 8.970 | Test Loss: 237.676 | Test Accuracy: 8.103
[2024-02-09 12:36:23,755][training.py][L169][INFO] Epoch[8/200] | Train Loss: 2.164 | Train Accuracy: 0.406 | val Loss: 296.776 | val Accuracy: 9.035 | Test Loss: 238.810 | Test Accuracy: 8.106
[2024-02-09 12:46:43,601][training.py][L169][INFO] Epoch[9/200] | Train Loss: 2.130 | Train Accuracy: 0.402 | val Loss: 290.389 | val Accuracy: 9.374 | Test Loss: 230.272 | Test Accuracy: 8.150
[2024-02-09 12:56:59,124][training.py][L169][INFO] Epoch[10/200] | Train Loss: 2.109 | Train Accuracy: 0.401 | val Loss: 298.430 | val Accuracy: 9.340 | Test Loss: 229.244 | Test Accuracy: 7.997
[2024-02-09 13:07:14,359][training.py][L169][INFO] Epoch[11/200] | Train Loss: 2.109 | Train Accuracy: 0.398 | val Loss: 284.787 | val Accuracy: 8.736 | Test Loss: 219.979 | Test Accuracy: 7.798
[2024-02-09 13:17:23,157][training.py][L169][INFO] Epoch[12/200] | Train Loss: 2.087 | Train Accuracy: 0.392 | val Loss: 322.668 | val Accuracy: 9.625 | Test Loss: 241.524 | Test Accuracy: 8.469
[2024-02-09 13:27:41,191][training.py][L169][INFO] Epoch[13/200] | Train Loss: 2.059 | Train Accuracy: 0.388 | val Loss: 328.831 | val Accuracy: 10.325 | Test Loss: 241.421 | Test Accuracy: 8.415
[2024-02-09 13:37:54,919][training.py][L169][INFO] Epoch[14/200] | Train Loss: 2.054 | Train Accuracy: 0.382 | val Loss: 303.940 | val Accuracy: 9.865 | Test Loss: 236.256 | Test Accuracy: 8.318
[2024-02-09 13:48:08,870][training.py][L169][INFO] Epoch[15/200] | Train Loss: 2.039 | Train Accuracy: 0.376 | val Loss: 289.335 | val Accuracy: 9.257 | Test Loss: 235.460 | Test Accuracy: 8.304
[2024-02-09 13:58:21,909][training.py][L169][INFO] Epoch[16/200] | Train Loss: 2.026 | Train Accuracy: 0.373 | val Loss: 290.278 | val Accuracy: 9.181 | Test Loss: 234.724 | Test Accuracy: 8.353
[2024-02-09 14:08:33,065][training.py][L169][INFO] Epoch[17/200] | Train Loss: 2.019 | Train Accuracy: 0.371 | val Loss: 281.536 | val Accuracy: 8.986 | Test Loss: 227.980 | Test Accuracy: 8.067
[2024-02-09 14:18:40,965][training.py][L169][INFO] Epoch[18/200] | Train Loss: 2.011 | Train Accuracy: 0.366 | val Loss: 267.949 | val Accuracy: 8.393 | Test Loss: 222.080 | Test Accuracy: 7.905
[2024-02-09 14:28:55,748][training.py][L169][INFO] Epoch[19/200] | Train Loss: 2.001 | Train Accuracy: 0.367 | val Loss: 284.803 | val Accuracy: 8.823 | Test Loss: 229.099 | Test Accuracy: 7.917
[2024-02-09 14:39:09,971][training.py][L169][INFO] Epoch[20/200] | Train Loss: 1.991 | Train Accuracy: 0.359 | val Loss: 302.959 | val Accuracy: 9.792 | Test Loss: 228.777 | Test Accuracy: 8.168
[2024-02-09 14:49:15,070][training.py][L169][INFO] Epoch[21/200] | Train Loss: 2.025 | Train Accuracy: 0.361 | val Loss: 296.674 | val Accuracy: 9.040 | Test Loss: 239.511 | Test Accuracy: 8.196
[2024-02-09 14:59:26,625][training.py][L169][INFO] Epoch[22/200] | Train Loss: 1.995 | Train Accuracy: 0.357 | val Loss: 340.557 | val Accuracy: 10.579 | Test Loss: 253.245 | Test Accuracy: 8.870
[2024-02-09 15:09:37,884][training.py][L169][INFO] Epoch[23/200] | Train Loss: 1.986 | Train Accuracy: 0.353 | val Loss: 275.824 | val Accuracy: 8.589 | Test Loss: 233.653 | Test Accuracy: 8.131
[2024-02-09 15:19:49,025][training.py][L169][INFO] Epoch[24/200] | Train Loss: 2.005 | Train Accuracy: 0.351 | val Loss: 309.738 | val Accuracy: 9.676 | Test Loss: 243.801 | Test Accuracy: 8.505
[2024-02-09 15:29:57,692][training.py][L169][INFO] Epoch[25/200] | Train Loss: 1.974 | Train Accuracy: 0.352 | val Loss: 297.525 | val Accuracy: 9.756 | Test Loss: 228.816 | Test Accuracy: 8.227
[2024-02-09 15:40:10,507][training.py][L169][INFO] Epoch[26/200] | Train Loss: 1.979 | Train Accuracy: 0.349 | val Loss: 292.904 | val Accuracy: 9.071 | Test Loss: 237.196 | Test Accuracy: 8.360
[2024-02-09 15:50:17,278][training.py][L169][INFO] Epoch[27/200] | Train Loss: 1.964 | Train Accuracy: 0.350 | val Loss: 324.197 | val Accuracy: 10.098 | Test Loss: 243.463 | Test Accuracy: 8.537
[2024-02-09 16:00:24,452][training.py][L169][INFO] Epoch[28/200] | Train Loss: 1.945 | Train Accuracy: 0.340 | val Loss: 299.110 | val Accuracy: 9.394 | Test Loss: 230.553 | Test Accuracy: 8.490
[2024-02-09 16:10:35,921][training.py][L169][INFO] Epoch[29/200] | Train Loss: 1.970 | Train Accuracy: 0.344 | val Loss: 303.075 | val Accuracy: 9.417 | Test Loss: 233.430 | Test Accuracy: 8.080
[2024-02-09 16:20:37,735][training.py][L169][INFO] Epoch[30/200] | Train Loss: 1.939 | Train Accuracy: 0.337 | val Loss: 283.099 | val Accuracy: 8.858 | Test Loss: 228.472 | Test Accuracy: 8.087
[2024-02-09 16:30:41,046][training.py][L169][INFO] Epoch[31/200] | Train Loss: 1.957 | Train Accuracy: 0.341 | val Loss: 281.108 | val Accuracy: 9.247 | Test Loss: 234.565 | Test Accuracy: 8.460
[2024-02-09 16:40:50,140][training.py][L169][INFO] Epoch[32/200] | Train Loss: 1.942 | Train Accuracy: 0.340 | val Loss: 267.492 | val Accuracy: 8.860 | Test Loss: 222.020 | Test Accuracy: 8.107
[2024-02-09 16:50:55,883][training.py][L169][INFO] Epoch[33/200] | Train Loss: 1.926 | Train Accuracy: 0.331 | val Loss: 291.306 | val Accuracy: 9.250 | Test Loss: 231.987 | Test Accuracy: 8.114
[2024-02-09 17:01:03,033][training.py][L169][INFO] Epoch[34/200] | Train Loss: 1.923 | Train Accuracy: 0.334 | val Loss: 281.839 | val Accuracy: 9.008 | Test Loss: 235.719 | Test Accuracy: 8.318
slurmstepd: error: *** JOB 4046723 ON gpu-2-0 CANCELLED AT 2024-02-09T17:03:01 ***
